\BOOKMARK [1][-]{section.1}{Introduction}{}% 1
\BOOKMARK [2][-]{subsection.1.1}{Related\040Work}{section.1}% 2
\BOOKMARK [1][-]{section.2}{Appraising\040browser\040based\040methods\040to\040measure\040delay}{}% 3
\BOOKMARK [2][-]{subsection.2.1}{Delay\040Measurement\040Methods}{section.2}% 4
\BOOKMARK [3][-]{subsubsection.2.1.1}{AJAX}{subsection.2.1}% 5
\BOOKMARK [3][-]{subsubsection.2.1.2}{WebSocket}{subsection.2.1}% 6
\BOOKMARK [3][-]{subsubsection.2.1.3}{WebRTC}{subsection.2.1}% 7
\BOOKMARK [2][-]{subsection.2.2}{Experimental\040Setup}{section.2}% 8
\BOOKMARK [2][-]{subsection.2.3}{Internet\040Delays}{section.2}% 9
\BOOKMARK [3][-]{subsubsection.2.3.1}{Cooperating\040Target}{subsection.2.3}% 10
\BOOKMARK [3][-]{subsubsection.2.3.2}{Non-cooperating\040Target}{subsection.2.3}% 11
\BOOKMARK [2][-]{subsection.2.4}{Local\040Network\040Delays}{section.2}% 12
\BOOKMARK [2][-]{subsection.2.5}{Conclusion}{section.2}% 13
\BOOKMARK [1][-]{section.3}{Web\040based\040home\040network\040troubleshooting}{}% 14
\BOOKMARK [2][-]{subsection.3.1}{Objectives\040of\040a\040web\040based\040measurement\040tool}{section.3}% 15
\BOOKMARK [2][-]{subsection.3.2}{Workings\040of\040the\040prototype}{section.3}% 16
\BOOKMARK [2][-]{subsection.3.3}{Technical\040implementation}{section.3}% 17
\BOOKMARK [3][-]{subsubsection.3.3.1}{Determining\040clients\040which\040are\040in\040the\040same\040home\040network}{subsection.3.3}% 18
\BOOKMARK [3][-]{subsubsection.3.3.2}{Establishing\040WebRTC\040connections}{subsection.3.3}% 19
\BOOKMARK [3][-]{subsubsection.3.3.3}{Determining\040the\040home\040router's\040IP\040address}{subsection.3.3}% 20
\BOOKMARK [3][-]{subsubsection.3.3.4}{The\040measurement\040process}{subsection.3.3}% 21
\BOOKMARK [2][-]{subsection.3.4}{Performance\040assessment\040methods}{section.3}% 22
\BOOKMARK [3][-]{subsubsection.3.4.1}{Comparative\040approach}{subsection.3.4}% 23
\BOOKMARK [3][-]{subsubsection.3.4.2}{Statistical\040approaches}{subsection.3.4}% 24
\BOOKMARK [2][-]{subsection.3.5}{Evaluation}{section.3}% 25
\BOOKMARK [3][-]{subsubsection.3.5.1}{Experimental\040setup}{subsection.3.5}% 26
\BOOKMARK [3][-]{subsubsection.3.5.2}{Results}{subsection.3.5}% 27
\BOOKMARK [1][-]{section.4}{Conclusion}{}% 28
\BOOKMARK [1][-]{section.5}{Future\040work}{}% 29
\BOOKMARK [1][-]{section.6}{Acknowledgements}{}% 30
\BOOKMARK [1][-]{section.7}{References}{}% 31
